<?xml version="1.0" encoding="UTF-8"?>
<!-- Generated by org.testng.reporters.JUnitReportReporter -->
<testsuite hostname="LTIN487040" failures="0" tests="10" name="testCases.TC_003_SecondNewsTest" time="47.958" errors="0" timestamp="2024-04-02T13:41:54 IST" skipped="0">
  <testcase classname="testCases.TC_003_SecondNewsTest" name="verify_newsContent" time="14.233"/>
  <testcase classname="testCases.TC_003_SecondNewsTest" name="verify_newsContent" time="14.283"/>
  <testcase classname="testCases.TC_003_SecondNewsTest" name="verify_associateDetailsTest" time="8.332"/>
  <testcase classname="testCases.TC_003_SecondNewsTest" name="verify_associateDetailsTest" time="8.349"/>
  <testcase classname="testCases.TC_003_SecondNewsTest" name="verify_hyperlinkDisplay" time="0.043"/>
  <testcase classname="testCases.TC_003_SecondNewsTest" name="verify_hyperlinkDisplay" time="0.034"/>
  <testcase classname="testCases.TC_003_SecondNewsTest" name="shareOptionTest" time="0.182"/>
  <testcase classname="testCases.TC_003_SecondNewsTest" name="shareOptionTest" time="0.287"/>
  <testcase classname="testCases.TC_003_SecondNewsTest" name="verify_likeViewsDisplay" time="1.002"/>
  <testcase classname="testCases.TC_003_SecondNewsTest" name="verify_likeViewsDisplay" time="1.213"/>
</testsuite> <!-- testCases.TC_003_SecondNewsTest -->
