<?xml version="1.0" encoding="UTF-8"?>
<!-- Generated by org.testng.reporters.JUnitReportReporter -->
<testsuite hostname="LTIN487040" failures="0" tests="10" name="testCases.TC_002_FirstNewsTest" time="47.016" errors="0" timestamp="2024-04-02T13:41:54 IST" skipped="0">
  <testcase classname="testCases.TC_002_FirstNewsTest" name="verify_newsContent" time="15.376"/>
  <testcase classname="testCases.TC_002_FirstNewsTest" name="verify_newsContent" time="14.372"/>
  <testcase classname="testCases.TC_002_FirstNewsTest" name="verify_associateDetailsTest" time="6.333"/>
  <testcase classname="testCases.TC_002_FirstNewsTest" name="verify_associateDetailsTest" time="6.367"/>
  <testcase classname="testCases.TC_002_FirstNewsTest" name="verify_hyperlinkDisplay" time="0.016"/>
  <testcase classname="testCases.TC_002_FirstNewsTest" name="verify_hyperlinkDisplay" time="0.021"/>
  <testcase classname="testCases.TC_002_FirstNewsTest" name="shareOptionTest" time="0.212"/>
  <testcase classname="testCases.TC_002_FirstNewsTest" name="shareOptionTest" time="0.228"/>
  <testcase classname="testCases.TC_002_FirstNewsTest" name="verify_likeViewsDisplay" time="2.693"/>
  <testcase classname="testCases.TC_002_FirstNewsTest" name="verify_likeViewsDisplay" time="1.398"/>
</testsuite> <!-- testCases.TC_002_FirstNewsTest -->
