<?xml version="1.0" encoding="UTF-8"?>
<!-- Generated by org.testng.reporters.JUnitReportReporter -->
<testsuite hostname="LTIN487040" failures="0" tests="6" name="testCases.TC_001_HomepageNewsTest" time="33.530" errors="0" timestamp="2024-04-02T13:41:54 IST" skipped="0">
  <testcase classname="testCases.TC_001_HomepageNewsTest" name="verify_userDetails" time="16.370"/>
  <testcase classname="testCases.TC_001_HomepageNewsTest" name="verify_userDetails" time="16.556"/>
  <testcase classname="testCases.TC_001_HomepageNewsTest" name="verify_newsDisplay" time="0.048"/>
  <testcase classname="testCases.TC_001_HomepageNewsTest" name="verify_newsDisplay" time="0.057"/>
  <testcase classname="testCases.TC_001_HomepageNewsTest" name="verify_tooltipTest" time="0.230"/>
  <testcase classname="testCases.TC_001_HomepageNewsTest" name="verify_tooltipTest" time="0.269"/>
</testsuite> <!-- testCases.TC_001_HomepageNewsTest -->
