<?xml version="1.0" encoding="UTF-8"?>
<!-- Generated by org.testng.reporters.JUnitReportReporter -->
<testsuite hostname="LTIN487040" failures="0" tests="10" name="testCases.TC_005_FourthNewsTest" time="44.589" errors="0" timestamp="2024-04-02T13:41:54 IST" skipped="0">
  <testcase classname="testCases.TC_005_FourthNewsTest" name="verify_newsContent" time="14.523"/>
  <testcase classname="testCases.TC_005_FourthNewsTest" name="verify_newsContent" time="14.460"/>
  <testcase classname="testCases.TC_005_FourthNewsTest" name="verify_associateDetailsTest" time="6.345"/>
  <testcase classname="testCases.TC_005_FourthNewsTest" name="verify_associateDetailsTest" time="6.320"/>
  <testcase classname="testCases.TC_005_FourthNewsTest" name="verify_hyperlinkDisplay" time="0.028"/>
  <testcase classname="testCases.TC_005_FourthNewsTest" name="verify_hyperlinkDisplay" time="0.037"/>
  <testcase classname="testCases.TC_005_FourthNewsTest" name="shareOptionTest" time="0.213"/>
  <testcase classname="testCases.TC_005_FourthNewsTest" name="shareOptionTest" time="0.208"/>
  <testcase classname="testCases.TC_005_FourthNewsTest" name="verify_likeViewsDisplay" time="1.024"/>
  <testcase classname="testCases.TC_005_FourthNewsTest" name="verify_likeViewsDisplay" time="1.431"/>
</testsuite> <!-- testCases.TC_005_FourthNewsTest -->
