<?xml version="1.0" encoding="UTF-8"?>
<!-- Generated by org.testng.reporters.JUnitReportReporter -->
<testsuite hostname="LTIN487040" failures="0" tests="10" name="testCases.TC_004_ThirdNewsTest" time="44.474" errors="0" timestamp="2024-04-02T13:41:54 IST" skipped="0">
  <testcase classname="testCases.TC_004_ThirdNewsTest" name="verify_newsContent" time="14.347"/>
  <testcase classname="testCases.TC_004_ThirdNewsTest" name="verify_newsContent" time="14.363"/>
  <testcase classname="testCases.TC_004_ThirdNewsTest" name="verify_associateDetailsTest" time="6.347"/>
  <testcase classname="testCases.TC_004_ThirdNewsTest" name="verify_associateDetailsTest" time="6.395"/>
  <testcase classname="testCases.TC_004_ThirdNewsTest" name="verify_hyperlinkDisplay" time="0.029"/>
  <testcase classname="testCases.TC_004_ThirdNewsTest" name="verify_hyperlinkDisplay" time="0.053"/>
  <testcase classname="testCases.TC_004_ThirdNewsTest" name="shareOptionTest" time="0.426"/>
  <testcase classname="testCases.TC_004_ThirdNewsTest" name="shareOptionTest" time="0.197"/>
  <testcase classname="testCases.TC_004_ThirdNewsTest" name="verify_likeViewsDisplay" time="1.095"/>
  <testcase classname="testCases.TC_004_ThirdNewsTest" name="verify_likeViewsDisplay" time="1.222"/>
</testsuite> <!-- testCases.TC_004_ThirdNewsTest -->
